<?xml version="1.0" encoding="UTF-8"?>
<!-- Generated by org.testng.reporters.JUnitReportReporter -->
<testsuite hostname="DESKTOP-5QPL10C" failures="0" tests="2" name="actionExample.RightClick_DoubleClickTest" time="10.931" errors="0" timestamp="2023-12-26T17:54:34 IST" skipped="0">
  <testcase classname="actionExample.RightClick_DoubleClickTest" name="verifyRightClick" time="0.394"/>
  <testcase classname="actionExample.RightClick_DoubleClickTest" name="verifyDoubleClick" time="10.537"/>
</testsuite> <!-- actionExample.RightClick_DoubleClickTest -->
