<?xml version="1.0" encoding="UTF-8"?>
<!-- Generated by org.testng.reporters.JUnitReportReporter -->
<testsuite hostname="DESKTOP-5QPL10C" failures="0" tests="2" name="actionExample.RightClick_DoubleClickTest" time="1.837" errors="0" timestamp="2023-12-26T17:26:04 IST" skipped="0">
  <testcase classname="actionExample.RightClick_DoubleClickTest" name="verifyDoubleClick" time="1.453"/>
  <testcase classname="actionExample.RightClick_DoubleClickTest" name="verifyRightClick" time="0.384"/>
</testsuite> <!-- actionExample.RightClick_DoubleClickTest -->
